This is pdfTeX, Version 3.141592653-2.6-1.40.23 (MiKTeX 21.8) (preloaded format=pdflatex 2021.10.5)  10 DEC 2021 16:16
entering extended mode
**./proposal.tex
(proposal.tex
LaTeX2e <2021-06-01> patch level 1
L3 programming layer <2021-08-27> (vgtc.cls
Document Class: vgtc 2006/05/21 IEEE VGTC

(C:\Users\Sidharth Veluvolu\AppData\Local\Programs\MiKTeX\tex/generic/iftex\ifp
df.sty
Package: ifpdf 2019/10/25 v3.4 ifpdf legacy package. Use iftex instead.

(C:\Users\Sidharth Veluvolu\AppData\Local\Programs\MiKTeX\tex/generic/iftex\ift
ex.sty
Package: iftex 2020/03/06 v1.0d TeX engine tests
))
(C:\Users\Sidharth Veluvolu\AppData\Local\Programs\MiKTeX\tex/latex/base\articl
e.cls
Document Class: article 2021/02/12 v1.4n Standard LaTeX document class

(C:\Users\Sidharth Veluvolu\AppData\Local\Programs\MiKTeX\tex/latex/base\size10
.clo
File: size10.clo 2021/02/12 v1.4n Standard LaTeX file (size option)
)
\c@part=\count182
\c@section=\count183
\c@subsection=\count184
\c@subsubsection=\count185
\c@paragraph=\count186
\c@subparagraph=\count187
\c@figure=\count188
\c@table=\count189
\abovecaptionskip=\skip47
\belowcaptionskip=\skip48
\bibindent=\dimen138
)
\captionmargin=\skip49
\bibindent=\dimen139
\bibspacing=\dimen140
\titlespace=\skip50
\teaserspace=\skip51
\abstxtspace=\skip52
\vgtc@copyrightlength=\skip53
)
(C:\Users\Sidharth Veluvolu\AppData\Local\Programs\MiKTeX\tex/latex/graphics\gr
aphicx.sty
Package: graphicx 2020/12/05 v1.2c Enhanced LaTeX Graphics (DPC,SPQR)

(C:\Users\Sidharth Veluvolu\AppData\Local\Programs\MiKTeX\tex/latex/graphics\ke
yval.sty
Package: keyval 2014/10/28 v1.15 key=value parser (DPC)
\KV@toks@=\toks16
)
(C:\Users\Sidharth Veluvolu\AppData\Local\Programs\MiKTeX\tex/latex/graphics\gr
aphics.sty
Package: graphics 2021/03/04 v1.4d Standard LaTeX Graphics (DPC,SPQR)

(C:\Users\Sidharth Veluvolu\AppData\Local\Programs\MiKTeX\tex/latex/graphics\tr
ig.sty
Package: trig 2016/01/03 v1.10 sin cos tan (DPC)
)
(C:\Users\Sidharth Veluvolu\AppData\Local\Programs\MiKTeX\tex/latex/graphics-cf
g\graphics.cfg
File: graphics.cfg 2016/06/04 v1.11 sample graphics configuration
)
Package graphics Info: Driver file: pdftex.def on input line 107.

(C:\Users\Sidharth Veluvolu\AppData\Local\Programs\MiKTeX\tex/latex/graphics-de
f\pdftex.def
File: pdftex.def 2020/10/05 v1.2a Graphics/color driver for pdftex
))
\Gin@req@height=\dimen141
\Gin@req@width=\dimen142
)
(C:\Users\Sidharth Veluvolu\AppData\Local\Programs\MiKTeX\tex/latex/microtype\m
icrotype.sty
Package: microtype 2021/03/14 v2.8c Micro-typographical refinements (RS)
\MT@toks=\toks17
\MT@count=\count190
LaTeX Info: Redefining \textls on input line 790.
\MT@outer@kern=\dimen143
LaTeX Info: Redefining \textmicrotypecontext on input line 1374.
\MT@listname@count=\count191

(C:\Users\Sidharth Veluvolu\AppData\Local\Programs\MiKTeX\tex/latex/microtype\m
icrotype-pdftex.def
File: microtype-pdftex.def 2021/03/14 v2.8c Definitions specific to pdftex (RS)

LaTeX Info: Redefining \lsstyle on input line 915.
LaTeX Info: Redefining \lslig on input line 915.
\MT@outer@space=\skip54
)
Package microtype Info: Loading configuration file microtype.cfg.

(C:\Users\Sidharth Veluvolu\AppData\Local\Programs\MiKTeX\tex/latex/microtype\m
icrotype.cfg
File: microtype.cfg 2021/03/14 v2.8c microtype main configuration file (RS)
))
(C:\Users\Sidharth Veluvolu\AppData\Local\Programs\MiKTeX\tex/latex/base\textco
mp.sty
Package: textcomp 2020/02/02 v2.0n Standard LaTeX package
)
(C:\Users\Sidharth Veluvolu\AppData\Local\Programs\MiKTeX\tex/latex/psnfss\math
ptmx.sty
Package: mathptmx 2020/03/25 PSNFSS-v9.3 Times w/ Math, improved (SPQR, WaS) 
LaTeX Font Info:    Redeclaring symbol font `operators' on input line 28.
LaTeX Font Info:    Overwriting symbol font `operators' in version `normal'
(Font)                  OT1/cmr/m/n --> OT1/ztmcm/m/n on input line 28.
LaTeX Font Info:    Overwriting symbol font `operators' in version `bold'
(Font)                  OT1/cmr/bx/n --> OT1/ztmcm/m/n on input line 28.
LaTeX Font Info:    Redeclaring symbol font `letters' on input line 29.
LaTeX Font Info:    Overwriting symbol font `letters' in version `normal'
(Font)                  OML/cmm/m/it --> OML/ztmcm/m/it on input line 29.
LaTeX Font Info:    Overwriting symbol font `letters' in version `bold'
(Font)                  OML/cmm/b/it --> OML/ztmcm/m/it on input line 29.
LaTeX Font Info:    Redeclaring symbol font `symbols' on input line 30.
LaTeX Font Info:    Overwriting symbol font `symbols' in version `normal'
(Font)                  OMS/cmsy/m/n --> OMS/ztmcm/m/n on input line 30.
LaTeX Font Info:    Overwriting symbol font `symbols' in version `bold'
(Font)                  OMS/cmsy/b/n --> OMS/ztmcm/m/n on input line 30.
LaTeX Font Info:    Redeclaring symbol font `largesymbols' on input line 31.
LaTeX Font Info:    Overwriting symbol font `largesymbols' in version `normal'
(Font)                  OMX/cmex/m/n --> OMX/ztmcm/m/n on input line 31.
LaTeX Font Info:    Overwriting symbol font `largesymbols' in version `bold'
(Font)                  OMX/cmex/m/n --> OMX/ztmcm/m/n on input line 31.
\symbold=\mathgroup4
\symitalic=\mathgroup5
LaTeX Font Info:    Redeclaring math alphabet \mathbf on input line 34.
LaTeX Font Info:    Overwriting math alphabet `\mathbf' in version `normal'
(Font)                  OT1/cmr/bx/n --> OT1/ptm/bx/n on input line 34.
LaTeX Font Info:    Overwriting math alphabet `\mathbf' in version `bold'
(Font)                  OT1/cmr/bx/n --> OT1/ptm/bx/n on input line 34.
LaTeX Font Info:    Redeclaring math alphabet \mathit on input line 35.
LaTeX Font Info:    Overwriting math alphabet `\mathit' in version `normal'
(Font)                  OT1/cmr/m/it --> OT1/ptm/m/it on input line 35.
LaTeX Font Info:    Overwriting math alphabet `\mathit' in version `bold'
(Font)                  OT1/cmr/bx/it --> OT1/ptm/m/it on input line 35.
LaTeX Info: Redefining \hbar on input line 50.
)
(C:\Users\Sidharth Veluvolu\AppData\Local\Programs\MiKTeX\tex/latex/psnfss\time
s.sty
Package: times 2020/03/25 PSNFSS-v9.3 (SPQR) 
)
(C:\Users\Sidharth Veluvolu\AppData\Local\Programs\MiKTeX\tex/latex/cite\cite.s
ty
LaTeX Info: Redefining \cite on input line 302.
LaTeX Info: Redefining \nocite on input line 332.
Package: cite 2015/02/27  v 5.5
)
(C:\Users\Sidharth Veluvolu\AppData\Local\Programs\MiKTeX\tex/latex/booktabs\bo
oktabs.sty
Package: booktabs 2020/01/12 v1.61803398 Publication quality tables
\heavyrulewidth=\dimen144
\lightrulewidth=\dimen145
\cmidrulewidth=\dimen146
\belowrulesep=\dimen147
\belowbottomsep=\dimen148
\aboverulesep=\dimen149
\abovetopsep=\dimen150
\cmidrulesep=\dimen151
\cmidrulekern=\dimen152
\defaultaddspace=\dimen153
\@cmidla=\count192
\@cmidlb=\count193
\@aboverulesep=\dimen154
\@belowrulesep=\dimen155
\@thisruleclass=\count194
\@lastruleclass=\count195
\@thisrulewidth=\dimen156
)
(C:\Users\Sidharth Veluvolu\AppData\Local\Programs\MiKTeX\tex/latex/float\float
.sty
Package: float 2001/11/08 v1.3d Float enhancements (AL)
\c@float@type=\count196
\float@exts=\toks18
\float@box=\box50
\@float@everytoks=\toks19
\@floatcapt=\box51
)
(C:\Users\Sidharth Veluvolu\AppData\Local\Programs\MiKTeX\tex/latex/hyperref\hy
perref.sty
Package: hyperref 2021-06-07 v7.00m Hypertext links for LaTeX

(C:\Users\Sidharth Veluvolu\AppData\Local\Programs\MiKTeX\tex/generic/ltxcmds\l
txcmds.sty
Package: ltxcmds 2020-05-10 v1.25 LaTeX kernel commands for general use (HO)
)
(C:\Users\Sidharth Veluvolu\AppData\Local\Programs\MiKTeX\tex/generic/pdftexcmd
s\pdftexcmds.sty
Package: pdftexcmds 2020-06-27 v0.33 Utility functions of pdfTeX for LuaTeX (HO
)

(C:\Users\Sidharth Veluvolu\AppData\Local\Programs\MiKTeX\tex/generic/infwarerr
\infwarerr.sty
Package: infwarerr 2019/12/03 v1.5 Providing info/warning/error messages (HO)
)
Package pdftexcmds Info: \pdf@primitive is available.
Package pdftexcmds Info: \pdf@ifprimitive is available.
Package pdftexcmds Info: \pdfdraftmode found.
)
(C:\Users\Sidharth Veluvolu\AppData\Local\Programs\MiKTeX\tex/generic/kvsetkeys
\kvsetkeys.sty
Package: kvsetkeys 2019/12/15 v1.18 Key value parser (HO)
)
(C:\Users\Sidharth Veluvolu\AppData\Local\Programs\MiKTeX\tex/generic/kvdefinek
eys\kvdefinekeys.sty
Package: kvdefinekeys 2019-12-19 v1.6 Define keys (HO)
)
(C:\Users\Sidharth Veluvolu\AppData\Local\Programs\MiKTeX\tex/generic/pdfescape
\pdfescape.sty
Package: pdfescape 2019/12/09 v1.15 Implements pdfTeX's escape features (HO)
)
(C:\Users\Sidharth Veluvolu\AppData\Local\Programs\MiKTeX\tex/latex/hycolor\hyc
olor.sty
Package: hycolor 2020-01-27 v1.10 Color options for hyperref/bookmark (HO)
)
(C:\Users\Sidharth Veluvolu\AppData\Local\Programs\MiKTeX\tex/latex/letltxmacro
\letltxmacro.sty
Package: letltxmacro 2019/12/03 v1.6 Let assignment for LaTeX macros (HO)
)
(C:\Users\Sidharth Veluvolu\AppData\Local\Programs\MiKTeX\tex/latex/auxhook\aux
hook.sty
Package: auxhook 2019-12-17 v1.6 Hooks for auxiliary files (HO)
)
(C:\Users\Sidharth Veluvolu\AppData\Local\Programs\MiKTeX\tex/latex/kvoptions\k
voptions.sty
Package: kvoptions 2020-10-07 v3.14 Key value format for package options (HO)
)
\@linkdim=\dimen157
\Hy@linkcounter=\count197
\Hy@pagecounter=\count198

(C:\Users\Sidharth Veluvolu\AppData\Local\Programs\MiKTeX\tex/latex/hyperref\pd
1enc.def
File: pd1enc.def 2021-06-07 v7.00m Hyperref: PDFDocEncoding definition (HO)
Now handling font encoding PD1 ...
... no UTF-8 mapping file for font encoding PD1
)
(C:\Users\Sidharth Veluvolu\AppData\Local\Programs\MiKTeX\tex/latex/hyperref\hy
perref-langpatches.def
File: hyperref-langpatches.def 2021-06-07 v7.00m Hyperref: patches for babel la
nguages
)
(C:\Users\Sidharth Veluvolu\AppData\Local\Programs\MiKTeX\tex/generic/intcalc\i
ntcalc.sty
Package: intcalc 2019/12/15 v1.3 Expandable calculations with integers (HO)
)
(C:\Users\Sidharth Veluvolu\AppData\Local\Programs\MiKTeX\tex/generic/etexcmds\
etexcmds.sty
Package: etexcmds 2019/12/15 v1.7 Avoid name clashes with e-TeX commands (HO)
)
\Hy@SavedSpaceFactor=\count199

(C:\Users\Sidharth Veluvolu\AppData\Local\Programs\MiKTeX\tex/latex/hyperref\pu
enc.def
File: puenc.def 2021-06-07 v7.00m Hyperref: PDF Unicode definition (HO)
Now handling font encoding PU ...
... no UTF-8 mapping file for font encoding PU
)
Package hyperref Info: Hyper figures OFF on input line 4192.
Package hyperref Info: Link nesting OFF on input line 4197.
Package hyperref Info: Hyper index ON on input line 4200.
Package hyperref Info: Plain pages OFF on input line 4207.
Package hyperref Info: Backreferencing OFF on input line 4212.
Package hyperref Info: Implicit mode ON; LaTeX internals redefined.
Package hyperref Info: Bookmarks ON on input line 4445.
\c@Hy@tempcnt=\count266

(C:\Users\Sidharth Veluvolu\AppData\Local\Programs\MiKTeX\tex/latex/url\url.sty
\Urlmuskip=\muskip16
Package: url 2013/09/16  ver 3.4  Verb mode for urls, etc.
)
LaTeX Info: Redefining \url on input line 4804.
\XeTeXLinkMargin=\dimen158

(C:\Users\Sidharth Veluvolu\AppData\Local\Programs\MiKTeX\tex/generic/bitset\bi
tset.sty
Package: bitset 2019/12/09 v1.3 Handle bit-vector datatype (HO)

(C:\Users\Sidharth Veluvolu\AppData\Local\Programs\MiKTeX\tex/generic/bigintcal
c\bigintcalc.sty
Package: bigintcalc 2019/12/15 v1.5 Expandable calculations on big integers (HO
)
))
\Fld@menulength=\count267
\Field@Width=\dimen159
\Fld@charsize=\dimen160
Package hyperref Info: Hyper figures OFF on input line 6076.
Package hyperref Info: Link nesting OFF on input line 6081.
Package hyperref Info: Hyper index ON on input line 6084.
Package hyperref Info: backreferencing OFF on input line 6091.
Package hyperref Info: Link coloring OFF on input line 6096.
Package hyperref Info: Link coloring with OCG OFF on input line 6101.
Package hyperref Info: PDF/A mode OFF on input line 6106.
LaTeX Info: Redefining \ref on input line 6146.
LaTeX Info: Redefining \pageref on input line 6150.

(C:\Users\Sidharth Veluvolu\AppData\Local\Programs\MiKTeX\tex/latex/base\atbegs
hi-ltx.sty
Package: atbegshi-ltx 2021/01/10 v1.0c Emulation of the original atbegshi
package with kernel methods
)
\Hy@abspage=\count268
\c@Item=\count269
\c@Hfootnote=\count270
)
Package hyperref Info: Driver (autodetected): hpdftex.

(C:\Users\Sidharth Veluvolu\AppData\Local\Programs\MiKTeX\tex/latex/hyperref\hp
dftex.def
File: hpdftex.def 2021-06-07 v7.00m Hyperref driver for pdfTeX

(C:\Users\Sidharth Veluvolu\AppData\Local\Programs\MiKTeX\tex/latex/base\atvery
end-ltx.sty
Package: atveryend-ltx 2020/08/19 v1.0a Emulation of the original atvery packag
e
with kernel methods
)
\Fld@listcount=\count271
\c@bookmark@seq@number=\count272

(C:\Users\Sidharth Veluvolu\AppData\Local\Programs\MiKTeX\tex/latex/rerunfilech
eck\rerunfilecheck.sty
Package: rerunfilecheck 2019/12/05 v1.9 Rerun checks for auxiliary files (HO)

(C:\Users\Sidharth Veluvolu\AppData\Local\Programs\MiKTeX\tex/generic/uniquecou
nter\uniquecounter.sty
Package: uniquecounter 2019/12/15 v1.4 Provide unlimited unique counter (HO)
)
Package uniquecounter Info: New unique counter `rerunfilecheck' on input line 2
86.
)
\Hy@SectionHShift=\skip55
)
(C:\Users\Sidharth Veluvolu\AppData\Local\Programs\MiKTeX\tex/latex/xcolor\xcol
or.sty
Package: xcolor 2016/05/11 v2.12 LaTeX color extensions (UK)

(C:\Users\Sidharth Veluvolu\AppData\Local\Programs\MiKTeX\tex/latex/graphics-cf
g\color.cfg
File: color.cfg 2016/01/02 v1.6 sample color configuration
)
Package xcolor Info: Driver file: pdftex.def on input line 225.
Package xcolor Info: Model `cmy' substituted by `cmy0' on input line 1348.
Package xcolor Info: Model `hsb' substituted by `rgb' on input line 1352.
Package xcolor Info: Model `RGB' extended on input line 1364.
Package xcolor Info: Model `HTML' substituted by `rgb' on input line 1366.
Package xcolor Info: Model `Hsb' substituted by `hsb' on input line 1367.
Package xcolor Info: Model `tHsb' substituted by `hsb' on input line 1368.
Package xcolor Info: Model `HSB' substituted by `hsb' on input line 1369.
Package xcolor Info: Model `Gray' substituted by `gray' on input line 1370.
Package xcolor Info: Model `wave' substituted by `hsb' on input line 1371.
)

Package hyperref Warning: Option `pdftex' has already been used,
(hyperref)                setting the option has no effect on input line 153.


Package hyperref Warning: Option `pagebackref' has already been used,
(hyperref)                setting the option has no effect on input line 153.

Package hyperref Info: Option `pageanchor' set `true' on input line 153.
Package hyperref Info: Option `plainpages' set `false' on input line 153.
Package hyperref Info: Option `hypertexnames' set `false' on input line 153.

Package hyperref Warning: Option `bookmarks' has already been used,
(hyperref)                setting the option has no effect on input line 153.

Package hyperref Info: Option `bookmarksnumbered' set `false' on input line 153
.
Package hyperref Info: Option `bookmarksopen' set `true' on input line 153.
Package hyperref Info: Option `breaklinks' set `true' on input line 153.
Package hyperref Info: Option `colorlinks' set `false' on input line 153.
Package hyperref Info: Option `nesting' set `true' on input line 153.
Package hyperref Info: Option `linktocpage' set `true' on input line 153.
LaTeX Font Info:    Trying to load font information for OT1+ptm on input line 1
59.

(C:\Users\Sidharth Veluvolu\AppData\Local\Programs\MiKTeX\tex/latex/psnfss\ot1p
tm.fd
File: ot1ptm.fd 2001/06/04 font definitions for OT1/ptm.
)
(C:\Users\Sidharth Veluvolu\AppData\Local\Programs\MiKTeX\tex/latex/l3backend\l
3backend-pdftex.def
File: l3backend-pdftex.def 2021-08-04 L3 backend support: PDF output (pdfTeX)
\l__color_backend_stack_int=\count273
\l__pdf_internal_box=\box52
) (proposal.aux)
\openout1 = `proposal.aux'.

LaTeX Font Info:    Checking defaults for OML/cmm/m/it on input line 159.
LaTeX Font Info:    ... okay on input line 159.
LaTeX Font Info:    Checking defaults for OMS/cmsy/m/n on input line 159.
LaTeX Font Info:    ... okay on input line 159.
LaTeX Font Info:    Checking defaults for OT1/cmr/m/n on input line 159.
LaTeX Font Info:    ... okay on input line 159.
LaTeX Font Info:    Checking defaults for T1/cmr/m/n on input line 159.
LaTeX Font Info:    ... okay on input line 159.
LaTeX Font Info:    Checking defaults for TS1/cmr/m/n on input line 159.
LaTeX Font Info:    ... okay on input line 159.
LaTeX Font Info:    Checking defaults for OMX/cmex/m/n on input line 159.
LaTeX Font Info:    ... okay on input line 159.
LaTeX Font Info:    Checking defaults for U/cmr/m/n on input line 159.
LaTeX Font Info:    ... okay on input line 159.
LaTeX Font Info:    Checking defaults for PD1/pdf/m/n on input line 159.
LaTeX Font Info:    ... okay on input line 159.
LaTeX Font Info:    Checking defaults for PU/pdf/m/n on input line 159.
LaTeX Font Info:    ... okay on input line 159.

(C:\Users\Sidharth Veluvolu\AppData\Local\Programs\MiKTeX\tex/context/base/mkii
\supp-pdf.mkii
[Loading MPS to PDF converter (version 2006.09.02).]
\scratchcounter=\count274
\scratchdimen=\dimen161
\scratchbox=\box53
\nofMPsegments=\count275
\nofMParguments=\count276
\everyMPshowfont=\toks20
\MPscratchCnt=\count277
\MPscratchDim=\dimen162
\MPnumerator=\count278
\makeMPintoPDFobject=\count279
\everyMPtoPDFconversion=\toks21
)
(C:\Users\Sidharth Veluvolu\AppData\Local\Programs\MiKTeX\tex/latex/epstopdf-pk
g\epstopdf-base.sty
Package: epstopdf-base 2020-01-24 v2.11 Base part for package epstopdf
Package epstopdf-base Info: Redefining graphics rule for `.eps' on input line 4
85.

(C:\Users\Sidharth Veluvolu\AppData\Local\Programs\MiKTeX\tex/latex/00miktex\ep
stopdf-sys.cfg
File: epstopdf-sys.cfg 2021/03/18 v2.0 Configuration of epstopdf for MiKTeX
))
LaTeX Info: Redefining \microtypecontext on input line 159.
Package microtype Info: Generating PDF output.
Package microtype Info: Character protrusion enabled (level 2).
Package microtype Info: Using default protrusion set `alltext'.
Package microtype Info: Automatic font expansion enabled (level 2),
(microtype)             stretch: 20, shrink: 20, step: 1, non-selected.
Package microtype Info: Using default expansion set `alltext-nott'.
LaTeX Info: Redefining \showhyphens on input line 159.
Package microtype Info: No adjustment of tracking.
Package microtype Info: No adjustment of interword spacing.
Package microtype Info: No adjustment of character kerning.

(C:\Users\Sidharth Veluvolu\AppData\Local\Programs\MiKTeX\tex/latex/microtype\m
t-ptm.cfg
File: mt-ptm.cfg 2006/04/20 v1.7 microtype config. file: Times (RS)
)
\big@size=\dimen163
Package hyperref Info: Link coloring OFF on input line 159.

(C:\Users\Sidharth Veluvolu\AppData\Local\Programs\MiKTeX\tex/latex/hyperref\na
meref.sty
Package: nameref 2021-04-02 v2.47 Cross-referencing by name of section

(C:\Users\Sidharth Veluvolu\AppData\Local\Programs\MiKTeX\tex/latex/refcount\re
fcount.sty
Package: refcount 2019/12/15 v3.6 Data extraction from label references (HO)
)
(C:\Users\Sidharth Veluvolu\AppData\Local\Programs\MiKTeX\tex/generic/gettitles
tring\gettitlestring.sty
Package: gettitlestring 2019/12/15 v1.6 Cleanup title references (HO)
)
\c@section@level=\count280
)
LaTeX Info: Redefining \ref on input line 159.
LaTeX Info: Redefining \pageref on input line 159.
LaTeX Info: Redefining \nameref on input line 159.
 (proposal.out) (proposal.out)
\@outlinefile=\write3
\openout3 = `proposal.out'.

LaTeX Font Info:    Trying to load font information for OT1+phv on input line 1
68.

(C:\Users\Sidharth Veluvolu\AppData\Local\Programs\MiKTeX\tex/latex/psnfss\ot1p
hv.fd
File: ot1phv.fd 2020/03/25 scalable font definitions for OT1/phv.
)
Package microtype Info: Loading generic protrusion settings for font family
(microtype)             `phv' (encoding: OT1).
(microtype)             For optimal results, create family-specific settings.
(microtype)             See the microtype manual for details.
LaTeX Font Info:    Trying to load font information for OT1+ztmcm on input line
 168.

(C:\Users\Sidharth Veluvolu\AppData\Local\Programs\MiKTeX\tex/latex/psnfss\ot1z
tmcm.fd
File: ot1ztmcm.fd 2000/01/03 Fontinst v1.801 font definitions for OT1/ztmcm.
)
Package microtype Info: Loading generic protrusion settings for font family
(microtype)             `ztmcm' (encoding: OT1).
(microtype)             For optimal results, create family-specific settings.
(microtype)             See the microtype manual for details.
LaTeX Font Info:    Trying to load font information for OML+ztmcm on input line
 168.

(C:\Users\Sidharth Veluvolu\AppData\Local\Programs\MiKTeX\tex/latex/psnfss\omlz
tmcm.fd
File: omlztmcm.fd 2000/01/03 Fontinst v1.801 font definitions for OML/ztmcm.
)
LaTeX Font Info:    Trying to load font information for OMS+ztmcm on input line
 168.

(C:\Users\Sidharth Veluvolu\AppData\Local\Programs\MiKTeX\tex/latex/psnfss\omsz
tmcm.fd
File: omsztmcm.fd 2000/01/03 Fontinst v1.801 font definitions for OMS/ztmcm.
)
LaTeX Font Info:    Trying to load font information for OMX+ztmcm on input line
 168.

(C:\Users\Sidharth Veluvolu\AppData\Local\Programs\MiKTeX\tex/latex/psnfss\omxz
tmcm.fd
File: omxztmcm.fd 2000/01/03 Fontinst v1.801 font definitions for OMX/ztmcm.
)
LaTeX Font Info:    Font shape `OT1/ptm/bx/n' in size <10> not available
(Font)              Font shape `OT1/ptm/b/n' tried instead on input line 168.
LaTeX Font Info:    Font shape `OT1/ptm/bx/n' in size <7.4> not available
(Font)              Font shape `OT1/ptm/b/n' tried instead on input line 168.
LaTeX Font Info:    Font shape `OT1/ptm/bx/n' in size <6> not available
(Font)              Font shape `OT1/ptm/b/n' tried instead on input line 168.
<diamondrule.pdf, id=27, 213.79875pt x 12.045pt>
File: diamondrule.pdf Graphic file (type pdf)
<use diamondrule.pdf>
Package pdftex.def Info: diamondrule.pdf  used on input line 168.
(pdftex.def)             Requested size: 213.79822pt x 12.04495pt.
LaTeX Font Info:    Font shape `OT1/ptm/bx/n' in size <8> not available
(Font)              Font shape `OT1/ptm/b/n' tried instead on input line 168.
LaTeX Font Info:    Font shape `OT1/ptm/bx/n' in size <5> not available
(Font)              Font shape `OT1/ptm/b/n' tried instead on input line 168.
LaTeX Font Info:    Trying to load font information for TS1+ptm on input line 1
68.

(C:\Users\Sidharth Veluvolu\AppData\Local\Programs\MiKTeX\tex/latex/psnfss\ts1p
tm.fd
File: ts1ptm.fd 2001/06/04 font definitions for TS1/ptm.
) (01-introduction.tex) (02-related.tex) (03-data.tex
<./figs//figure5.png, id=40, 165.61874pt x 392.21532pt>
File: ./figs//figure5.png Graphic file (type png)
<use ./figs//figure5.png>
Package pdftex.def Info: ./figs//figure5.png  used on input line 5.
(pdftex.def)             Requested size: 170.71652pt x 404.30946pt.
 [1{C:/Users/Sidharth Veluvolu/AppData/Local/MiKTeX/pdftex/config/pdftex.map}


 <./diamondrule.pdf>]
<./figs//figure1.png, id=61, 725.71124pt x 581.17125pt>
File: ./figs//figure1.png Graphic file (type png)
<use ./figs//figure1.png>
Package pdftex.def Info: ./figs//figure1.png  used on input line 17.
(pdftex.def)             Requested size: 256.0748pt x 205.07129pt.

Overfull \hbox (4.75581pt too wide) in paragraph at lines 17--18
[][] 
 []

) (04-research.tex
<./figs//figure2.png, id=62, 673.51625pt x 382.42876pt>
File: ./figs//figure2.png Graphic file (type png)
<use ./figs//figure2.png>
Package pdftex.def Info: ./figs//figure2.png  used on input line 5.
(pdftex.def)             Requested size: 256.0748pt x 145.40028pt.

Overfull \hbox (4.75581pt too wide) in paragraph at lines 5--6
[][] 
 []

[2 <./figs//figure5.png> <./figs//figure1.png> <./figs//figure2.png>]
<./figs//figure3.png, id=74, 321.45094pt x 205.5178pt>
File: ./figs//figure3.png Graphic file (type png)
<use ./figs//figure3.png>
Package pdftex.def Info: ./figs//figure3.png  used on input line 28.
(pdftex.def)             Requested size: 256.0748pt x 163.72455pt.

Overfull \hbox (4.75581pt too wide) in paragraph at lines 28--29
[][] 
 []

<./figs//figure6.png, id=75, 563.10374pt x 423.5825pt>
File: ./figs//figure6.png Graphic file (type png)
<use ./figs//figure6.png>
Package pdftex.def Info: ./figs//figure6.png  used on input line 38.
(pdftex.def)             Requested size: 256.0748pt x 192.62692pt.

Overfull \hbox (4.75581pt too wide) in paragraph at lines 38--39
[][] 
 []

) (05-results.tex
<./figs//figure12.png, id=76, 429.70537pt x 451.08525pt>
File: ./figs//figure12.png Graphic file (type png)
<use ./figs//figure12.png>
Package pdftex.def Info: ./figs//figure12.png  used on input line 7.
(pdftex.def)             Requested size: 170.71652pt x 179.20572pt.
 [3 <./figs//figure3.png> <./figs//figure6.png> <./figs//figure12.png>]
<./figs//figure7.png, id=87, 428.802pt x 318.59026pt>
File: ./figs//figure7.png Graphic file (type png)
<use ./figs//figure7.png>
Package pdftex.def Info: ./figs//figure7.png  used on input line 14.
(pdftex.def)             Requested size: 256.0748pt x 190.266pt.

Overfull \hbox (4.75581pt too wide) in paragraph at lines 14--15
[][] 
 []

<./figs//figure8.png, id=88, 361.04887pt x 253.84837pt>
File: ./figs//figure8.png Graphic file (type png)
<use ./figs//figure8.png>
Package pdftex.def Info: ./figs//figure8.png  used on input line 24.
(pdftex.def)             Requested size: 113.81102pt x 80.01688pt.
<./figs//figure9.png, id=89, 290.88675pt x 211.992pt>
File: ./figs//figure9.png Graphic file (type png)
<use ./figs//figure9.png>
Package pdftex.def Info: ./figs//figure9.png  used on input line 25.
(pdftex.def)             Requested size: 113.81102pt x 82.94179pt.
<./figs//figure10.png, id=90, 293.29575pt x 215.30438pt>
File: ./figs//figure10.png Graphic file (type png)
<use ./figs//figure10.png>
Package pdftex.def Info: ./figs//figure10.png  used on input line 33.
(pdftex.def)             Requested size: 199.16928pt x 146.2112pt.

LaTeX Warning: `!h' float specifier changed to `!ht'.

<./figs//figure11.png, id=91, 289.38112pt x 206.57175pt>
File: ./figs//figure11.png Graphic file (type png)
<use ./figs//figure11.png>
Package pdftex.def Info: ./figs//figure11.png  used on input line 41.
(pdftex.def)             Requested size: 199.16928pt x 142.17531pt.

LaTeX Warning: `!h' float specifier changed to `!ht'.

) (06-conclusion.tex) (proposal.bbl
Underfull \vbox (badness 1237) has occurred while \output is active []

) [4 <./figs//figure7.png> <./figs//figure8.png> <./figs//figure9.png> <./figs/
/figure10.png> <./figs//figure11.png>] (proposal.aux)

Package rerunfilecheck Warning: File `proposal.out' has changed.
(rerunfilecheck)                Rerun to get outlines right
(rerunfilecheck)                or use package `bookmark'.

Package rerunfilecheck Info: Checksums for `proposal.out':
(rerunfilecheck)             Before: E796968BDEBB7DE45869652DAC88276F;585
(rerunfilecheck)             After:  0ACE2122DFFCE65184EDC85FB11BF502;585.
 ) 
Here is how much of TeX's memory you used:
 10917 strings out of 478927
 170135 string characters out of 2846811
 527621 words of memory out of 3000000
 28325 multiletter control sequences out of 15000+600000
 441875 words of font info for 225 fonts, out of 8000000 for 9000
 1141 hyphenation exceptions out of 8191
 61i,8n,66p,1478b,363s stack positions out of 5000i,500n,10000p,200000b,80000s
pdfTeX warning (dest): name{section.11} has been referenced but does not exis
t, replaced by a fixed one

{C:/Users/Sidharth Veluvolu/AppData/Local/Programs/MiKTeX/fonts/enc/dvips/base/
8r.enc}<C:/Users/Sidharth Veluvolu/AppData/Local/Programs/MiKTeX/fonts/type1/ur
w/helvetic/uhvb8a.pfb><C:/Users/Sidharth Veluvolu/AppData/Local/Programs/MiKTeX
/fonts/type1/urw/helvetic/uhvr8a.pfb><C:/Users/Sidharth Veluvolu/AppData/Local/
Programs/MiKTeX/fonts/type1/urw/times/utmr8a.pfb><C:/Users/Sidharth Veluvolu/Ap
pData/Local/Programs/MiKTeX/fonts/type1/urw/times/utmri8a.pfb>
Output written on proposal.pdf (4 pages, 2547016 bytes).
PDF statistics:
 134 PDF objects out of 1000 (max. 8388607)
 31 named destinations out of 1000 (max. 500000)
 66157 words of extra memory for PDF output out of 74296 (max. 10000000)

